<?xml version="1.0" encoding="UTF-8"?>
<!-- Generated by org.testng.reporters.JUnitReportReporter -->
<testsuite hostname="Lahari" failures="0" tests="1" name="Test.TestNG" time="6.892" errors="0" timestamp="2021-10-17T15:33:55 BST" skipped="0">
  <testcase classname="Test.TestNG" name="challengeTest" time="6.892"/>
  <system-out/>
</testsuite> <!-- Test.TestNG -->
