<?xml version="1.0" encoding="UTF-8"?>
<!-- Generated by org.testng.reporters.JUnitReportReporter -->
<testsuite hostname="Lahari" failures="0" tests="1" name="com.test.TestNG" time="23.008" errors="0" timestamp="2021-10-18T18:42:58 BST" skipped="0">
  <testcase classname="com.test.TestNG" name="challengeTest" time="23.008"/>
  <system-out/>
</testsuite> <!-- com.test.TestNG -->
